2026-04-17 13:05:04 [INFO] パスワードでログイン開始
2026-04-17 13:12:04 [INFO] パスワードでログイン開始
2026-04-17 13:12:34 [ERROR] ログインエラー: Message: 
Stacktrace:
0   chromedriver                        0x0000000102d5fabc cxxbridge1$str$ptr + 3192864
1   chromedriver                        0x0000000102d57a8c cxxbridge1$str$ptr + 3160048
2   chromedriver                        0x00000001028237c0 _RNvCs10ygTOo3JCa_7___rustc35___rust_no_alloc_shim_is_unstable_v2 + 75348
3   chromedriver                        0x000000010286b464 _RNvCs10ygTOo3JCa_7___rustc35___rust_no_alloc_shim_is_unstable_v2 + 369400
4   chromedriver                        0x00000001028ab448 _RNvCs10ygTOo3JCa_7___rustc35___rust_no_alloc_shim_is_unstable_v2 + 631516
5   chromedriver                        0x0000000102860e50 _RNvCs10ygTOo3JCa_7___rustc35___rust_no_alloc_shim_is_unstable_v2 + 326884
6   chromedriver                        0x0000000102d1d248 cxxbridge1$str$ptr + 2920364
7   chromedriver                        0x0000000102d20a28 cxxbridge1$str$ptr + 2934668
8   chromedriver                        0x0000000102d031fc cxxbridge1$str$ptr + 2813792
9   chromedriver                        0x0000000102d212a8 cxxbridge1$str$ptr + 2936844
10  chromedriver                        0x0000000102cf4024 cxxbridge1$str$ptr + 2751880
11  chromedriver                        0x0000000102d46988 cxxbridge1$str$ptr + 3090156
12  chromedriver                        0x0000000102d46b04 cxxbridge1$str$ptr + 3090536
13  chromedriver                        0x0000000102d576e4 cxxbridge1$str$ptr + 3159112
14  libsystem_pthread.dylib             0x000000018b613c08 _pthread_start + 136
15  libsystem_pthread.dylib             0x000000018b60eba8 thread_start + 8

2026-04-17 14:03:49 [INFO] パスワードでログイン開始
2026-04-17 14:04:20 [ERROR] ログインエラー: Message: 
Stacktrace:
0   undetected_chromedriver             0x00000001049c43d8 undetected_chromedriver + 6792152
1   undetected_chromedriver             0x00000001049bba6a undetected_chromedriver + 6756970
2   undetected_chromedriver             0x00000001043b8815 undetected_chromedriver + 452629
3   undetected_chromedriver             0x000000010440ba4b undetected_chromedriver + 793163
4   undetected_chromedriver             0x000000010440bd91 undetected_chromedriver + 794001
5   undetected_chromedriver             0x0000000104458264 undetected_chromedriver + 1106532
6   undetected_chromedriver             0x0000000104455365 undetected_chromedriver + 1094501
7   undetected_chromedriver             0x00000001043ff147 undetected_chromedriver + 741703
8   undetected_chromedriver             0x00000001043fff21 undetected_chromedriver + 745249
9   undetected_chromedriver             0x000000010497c197 undetected_chromedriver + 6496663
10  undetected_chromedriver             0x00000001049805d6 undetected_chromedriver + 6514134
11  undetected_chromedriver             0x000000010495ce5a undetected_chromedriver + 6368858
12  undetected_chromedriver             0x0000000104981048 undetected_chromedriver + 6516808
13  undetected_chromedriver             0x000000010494c510 undetected_chromedriver + 6300944
14  undetected_chromedriver             0x00000001049a8cc8 undetected_chromedriver + 6679752
15  undetected_chromedriver             0x00000001049a8e82 undetected_chromedriver + 6680194
16  undetected_chromedriver             0x00000001049bb681 undetected_chromedriver + 6755969
17  libsystem_pthread.dylib             0x00007ff814365e4d _pthread_start + 115
18  libsystem_pthread.dylib             0x00007ff814361857 thread_start + 15

2026-04-17 14:12:03 [INFO] パスワードでログイン開始
2026-04-17 14:12:31 [ERROR] ログインエラー: Message: 
Stacktrace:
0   undetected_chromedriver             0x00000001033913d8 undetected_chromedriver + 6792152
1   undetected_chromedriver             0x0000000103388a6a undetected_chromedriver + 6756970
2   undetected_chromedriver             0x0000000102d85815 undetected_chromedriver + 452629
3   undetected_chromedriver             0x0000000102dd8a4b undetected_chromedriver + 793163
4   undetected_chromedriver             0x0000000102dd8d91 undetected_chromedriver + 794001
5   undetected_chromedriver             0x0000000102e25264 undetected_chromedriver + 1106532
6   undetected_chromedriver             0x0000000102e22365 undetected_chromedriver + 1094501
7   undetected_chromedriver             0x0000000102dcc147 undetected_chromedriver + 741703
8   undetected_chromedriver             0x0000000102dccf21 undetected_chromedriver + 745249
9   undetected_chromedriver             0x0000000103349197 undetected_chromedriver + 6496663
10  undetected_chromedriver             0x000000010334d5d6 undetected_chromedriver + 6514134
11  undetected_chromedriver             0x0000000103329e5a undetected_chromedriver + 6368858
12  undetected_chromedriver             0x000000010334e048 undetected_chromedriver + 6516808
13  undetected_chromedriver             0x0000000103319510 undetected_chromedriver + 6300944
14  undetected_chromedriver             0x0000000103375cc8 undetected_chromedriver + 6679752
15  undetected_chromedriver             0x0000000103375e82 undetected_chromedriver + 6680194
16  undetected_chromedriver             0x0000000103388681 undetected_chromedriver + 6755969
17  libsystem_pthread.dylib             0x00007ff814365e4d _pthread_start + 115
18  libsystem_pthread.dylib             0x00007ff814361857 thread_start + 15

2026-04-17 14:18:29 [INFO] パスワードでログイン開始
2026-04-17 14:18:55 [ERROR] ログインエラー: Message: 
Stacktrace:
0   undetected_chromedriver             0x00000001052213d8 undetected_chromedriver + 6792152
1   undetected_chromedriver             0x0000000105218a6a undetected_chromedriver + 6756970
2   undetected_chromedriver             0x0000000104c15815 undetected_chromedriver + 452629
3   undetected_chromedriver             0x0000000104c68a4b undetected_chromedriver + 793163
4   undetected_chromedriver             0x0000000104c68d91 undetected_chromedriver + 794001
5   undetected_chromedriver             0x0000000104cb5264 undetected_chromedriver + 1106532
6   undetected_chromedriver             0x0000000104cb2365 undetected_chromedriver + 1094501
7   undetected_chromedriver             0x0000000104c5c147 undetected_chromedriver + 741703
8   undetected_chromedriver             0x0000000104c5cf21 undetected_chromedriver + 745249
9   undetected_chromedriver             0x00000001051d9197 undetected_chromedriver + 6496663
10  undetected_chromedriver             0x00000001051dd5d6 undetected_chromedriver + 6514134
11  undetected_chromedriver             0x00000001051b9e5a undetected_chromedriver + 6368858
12  undetected_chromedriver             0x00000001051de048 undetected_chromedriver + 6516808
13  undetected_chromedriver             0x00000001051a9510 undetected_chromedriver + 6300944
14  undetected_chromedriver             0x0000000105205cc8 undetected_chromedriver + 6679752
15  undetected_chromedriver             0x0000000105205e82 undetected_chromedriver + 6680194
16  undetected_chromedriver             0x0000000105218681 undetected_chromedriver + 6755969
17  libsystem_pthread.dylib             0x00007ff814365e4d _pthread_start + 115
18  libsystem_pthread.dylib             0x00007ff814361857 thread_start + 15

2026-04-17 14:20:52 [INFO] パスワードでログイン開始
2026-04-17 14:21:19 [ERROR] ログインエラー: Message: 
Stacktrace:
0   undetected_chromedriver             0x00000001055943d8 undetected_chromedriver + 6792152
1   undetected_chromedriver             0x000000010558ba6a undetected_chromedriver + 6756970
2   undetected_chromedriver             0x0000000104f88815 undetected_chromedriver + 452629
3   undetected_chromedriver             0x0000000104fdba4b undetected_chromedriver + 793163
4   undetected_chromedriver             0x0000000104fdbd91 undetected_chromedriver + 794001
5   undetected_chromedriver             0x0000000105028264 undetected_chromedriver + 1106532
6   undetected_chromedriver             0x0000000105025365 undetected_chromedriver + 1094501
7   undetected_chromedriver             0x0000000104fcf147 undetected_chromedriver + 741703
8   undetected_chromedriver             0x0000000104fcff21 undetected_chromedriver + 745249
9   undetected_chromedriver             0x000000010554c197 undetected_chromedriver + 6496663
10  undetected_chromedriver             0x00000001055505d6 undetected_chromedriver + 6514134
11  undetected_chromedriver             0x000000010552ce5a undetected_chromedriver + 6368858
12  undetected_chromedriver             0x0000000105551048 undetected_chromedriver + 6516808
13  undetected_chromedriver             0x000000010551c510 undetected_chromedriver + 6300944
14  undetected_chromedriver             0x0000000105578cc8 undetected_chromedriver + 6679752
15  undetected_chromedriver             0x0000000105578e82 undetected_chromedriver + 6680194
16  undetected_chromedriver             0x000000010558b681 undetected_chromedriver + 6755969
17  libsystem_pthread.dylib             0x00007ff814365e4d _pthread_start + 115
18  libsystem_pthread.dylib             0x00007ff814361857 thread_start + 15

2026-04-17 14:24:34 [INFO] パスワードでログイン開始
2026-04-17 14:25:00 [ERROR] ログインエラー: Message: 
Stacktrace:
0   chromedriver                        0x0000000102adbabc cxxbridge1$str$ptr + 3192864
1   chromedriver                        0x0000000102ad3a8c cxxbridge1$str$ptr + 3160048
2   chromedriver                        0x000000010259f7c0 _RNvCs10ygTOo3JCa_7___rustc35___rust_no_alloc_shim_is_unstable_v2 + 75348
3   chromedriver                        0x00000001025e7464 _RNvCs10ygTOo3JCa_7___rustc35___rust_no_alloc_shim_is_unstable_v2 + 369400
4   chromedriver                        0x0000000102627448 _RNvCs10ygTOo3JCa_7___rustc35___rust_no_alloc_shim_is_unstable_v2 + 631516
5   chromedriver                        0x00000001025dce50 _RNvCs10ygTOo3JCa_7___rustc35___rust_no_alloc_shim_is_unstable_v2 + 326884
6   chromedriver                        0x0000000102a99248 cxxbridge1$str$ptr + 2920364
7   chromedriver                        0x0000000102a9ca28 cxxbridge1$str$ptr + 2934668
8   chromedriver                        0x0000000102a7f1fc cxxbridge1$str$ptr + 2813792
9   chromedriver                        0x0000000102a9d2a8 cxxbridge1$str$ptr + 2936844
10  chromedriver                        0x0000000102a70024 cxxbridge1$str$ptr + 2751880
11  chromedriver                        0x0000000102ac2988 cxxbridge1$str$ptr + 3090156
12  chromedriver                        0x0000000102ac2b04 cxxbridge1$str$ptr + 3090536
13  chromedriver                        0x0000000102ad36e4 cxxbridge1$str$ptr + 3159112
14  libsystem_pthread.dylib             0x000000018b613c08 _pthread_start + 136
15  libsystem_pthread.dylib             0x000000018b60eba8 thread_start + 8

2026-04-17 14:27:18 [INFO] パスワードでログイン開始
2026-04-17 14:27:45 [ERROR] ログインエラー: Message: 
Stacktrace:
0   chromedriver                        0x0000000100d1fabc cxxbridge1$str$ptr + 3192864
1   chromedriver                        0x0000000100d17a8c cxxbridge1$str$ptr + 3160048
2   chromedriver                        0x00000001007e37c0 _RNvCs10ygTOo3JCa_7___rustc35___rust_no_alloc_shim_is_unstable_v2 + 75348
3   chromedriver                        0x000000010082b464 _RNvCs10ygTOo3JCa_7___rustc35___rust_no_alloc_shim_is_unstable_v2 + 369400
4   chromedriver                        0x000000010086b448 _RNvCs10ygTOo3JCa_7___rustc35___rust_no_alloc_shim_is_unstable_v2 + 631516
5   chromedriver                        0x0000000100820e50 _RNvCs10ygTOo3JCa_7___rustc35___rust_no_alloc_shim_is_unstable_v2 + 326884
6   chromedriver                        0x0000000100cdd248 cxxbridge1$str$ptr + 2920364
7   chromedriver                        0x0000000100ce0a28 cxxbridge1$str$ptr + 2934668
8   chromedriver                        0x0000000100cc31fc cxxbridge1$str$ptr + 2813792
9   chromedriver                        0x0000000100ce12a8 cxxbridge1$str$ptr + 2936844
10  chromedriver                        0x0000000100cb4024 cxxbridge1$str$ptr + 2751880
11  chromedriver                        0x0000000100d06988 cxxbridge1$str$ptr + 3090156
12  chromedriver                        0x0000000100d06b04 cxxbridge1$str$ptr + 3090536
13  chromedriver                        0x0000000100d176e4 cxxbridge1$str$ptr + 3159112
14  libsystem_pthread.dylib             0x000000018b613c08 _pthread_start + 136
15  libsystem_pthread.dylib             0x000000018b60eba8 thread_start + 8

2026-04-17 14:34:56 [INFO] パスワードでログイン開始
2026-04-17 14:35:25 [ERROR] ログインエラー: Message: 
Stacktrace:
0   chromedriver                        0x000000010306babc cxxbridge1$str$ptr + 3192864
1   chromedriver                        0x0000000103063a8c cxxbridge1$str$ptr + 3160048
2   chromedriver                        0x0000000102b2f7c0 _RNvCs10ygTOo3JCa_7___rustc35___rust_no_alloc_shim_is_unstable_v2 + 75348
3   chromedriver                        0x0000000102b77464 _RNvCs10ygTOo3JCa_7___rustc35___rust_no_alloc_shim_is_unstable_v2 + 369400
4   chromedriver                        0x0000000102bb7448 _RNvCs10ygTOo3JCa_7___rustc35___rust_no_alloc_shim_is_unstable_v2 + 631516
5   chromedriver                        0x0000000102b6ce50 _RNvCs10ygTOo3JCa_7___rustc35___rust_no_alloc_shim_is_unstable_v2 + 326884
6   chromedriver                        0x0000000103029248 cxxbridge1$str$ptr + 2920364
7   chromedriver                        0x000000010302ca28 cxxbridge1$str$ptr + 2934668
8   chromedriver                        0x000000010300f1fc cxxbridge1$str$ptr + 2813792
9   chromedriver                        0x000000010302d2a8 cxxbridge1$str$ptr + 2936844
10  chromedriver                        0x0000000103000024 cxxbridge1$str$ptr + 2751880
11  chromedriver                        0x0000000103052988 cxxbridge1$str$ptr + 3090156
12  chromedriver                        0x0000000103052b04 cxxbridge1$str$ptr + 3090536
13  chromedriver                        0x00000001030636e4 cxxbridge1$str$ptr + 3159112
14  libsystem_pthread.dylib             0x000000018b613c08 _pthread_start + 136
15  libsystem_pthread.dylib             0x000000018b60eba8 thread_start + 8

2026-04-17 14:38:27 [INFO] パスワードでログイン開始
2026-04-17 14:39:02 [ERROR] ログインエラー: Message: 
Stacktrace:
0   chromedriver                        0x00000001013c7abc cxxbridge1$str$ptr + 3192864
1   chromedriver                        0x00000001013bfa8c cxxbridge1$str$ptr + 3160048
2   chromedriver                        0x0000000100e8b7c0 _RNvCs10ygTOo3JCa_7___rustc35___rust_no_alloc_shim_is_unstable_v2 + 75348
3   chromedriver                        0x0000000100ed3464 _RNvCs10ygTOo3JCa_7___rustc35___rust_no_alloc_shim_is_unstable_v2 + 369400
4   chromedriver                        0x0000000100f13448 _RNvCs10ygTOo3JCa_7___rustc35___rust_no_alloc_shim_is_unstable_v2 + 631516
5   chromedriver                        0x0000000100ec8e50 _RNvCs10ygTOo3JCa_7___rustc35___rust_no_alloc_shim_is_unstable_v2 + 326884
6   chromedriver                        0x0000000101385248 cxxbridge1$str$ptr + 2920364
7   chromedriver                        0x0000000101388a28 cxxbridge1$str$ptr + 2934668
8   chromedriver                        0x000000010136b1fc cxxbridge1$str$ptr + 2813792
9   chromedriver                        0x00000001013892a8 cxxbridge1$str$ptr + 2936844
10  chromedriver                        0x000000010135c024 cxxbridge1$str$ptr + 2751880
11  chromedriver                        0x00000001013ae988 cxxbridge1$str$ptr + 3090156
12  chromedriver                        0x00000001013aeb04 cxxbridge1$str$ptr + 3090536
13  chromedriver                        0x00000001013bf6e4 cxxbridge1$str$ptr + 3159112
14  libsystem_pthread.dylib             0x000000018b613c08 _pthread_start + 136
15  libsystem_pthread.dylib             0x000000018b60eba8 thread_start + 8

2026-04-17 14:43:41 [INFO] パスワードでログイン開始
2026-04-17 14:44:07 [ERROR] ログインエラー: Message: 
Stacktrace:
0   chromedriver                        0x000000010121babc cxxbridge1$str$ptr + 3192864
1   chromedriver                        0x0000000101213a8c cxxbridge1$str$ptr + 3160048
2   chromedriver                        0x0000000100cdf7c0 _RNvCs10ygTOo3JCa_7___rustc35___rust_no_alloc_shim_is_unstable_v2 + 75348
3   chromedriver                        0x0000000100d27464 _RNvCs10ygTOo3JCa_7___rustc35___rust_no_alloc_shim_is_unstable_v2 + 369400
4   chromedriver                        0x0000000100d67448 _RNvCs10ygTOo3JCa_7___rustc35___rust_no_alloc_shim_is_unstable_v2 + 631516
5   chromedriver                        0x0000000100d1ce50 _RNvCs10ygTOo3JCa_7___rustc35___rust_no_alloc_shim_is_unstable_v2 + 326884
6   chromedriver                        0x00000001011d9248 cxxbridge1$str$ptr + 2920364
7   chromedriver                        0x00000001011dca28 cxxbridge1$str$ptr + 2934668
8   chromedriver                        0x00000001011bf1fc cxxbridge1$str$ptr + 2813792
9   chromedriver                        0x00000001011dd2a8 cxxbridge1$str$ptr + 2936844
10  chromedriver                        0x00000001011b0024 cxxbridge1$str$ptr + 2751880
11  chromedriver                        0x0000000101202988 cxxbridge1$str$ptr + 3090156
12  chromedriver                        0x0000000101202b04 cxxbridge1$str$ptr + 3090536
13  chromedriver                        0x00000001012136e4 cxxbridge1$str$ptr + 3159112
14  libsystem_pthread.dylib             0x000000018b613c08 _pthread_start + 136
15  libsystem_pthread.dylib             0x000000018b60eba8 thread_start + 8

